
03:26:29.565 [main] INFO  testCases.TC_001_AccountRegistrationTest - ******** Starting TC_001_AccountRegistrationTest **********
03:26:30.741 [main] INFO  testCases.TC_001_AccountRegistrationTest - ******** Clicked on My account link **********
03:26:32.221 [main] INFO  testCases.TC_001_AccountRegistrationTest - ******** Clicked on register link **********
03:26:32.223 [main] INFO  testCases.TC_001_AccountRegistrationTest - ******** Providing customer data **********
03:26:41.623 [main] INFO  testCases.TC_001_AccountRegistrationTest - ******** Clicked on continue **********
03:26:43.707 [main] INFO  testCases.TC_001_AccountRegistrationTest - ******** Validating expected message **********
03:26:43.711 [main] INFO  testCases.TC_001_AccountRegistrationTest - ******** Finished TC_001_AccountRegistrationTest **********
03:41:37.827 [main] INFO  testCases.TC_001_AccountRegistrationTest - ******** Starting TC_001_AccountRegistrationTest **********
03:41:39.025 [main] INFO  testCases.TC_001_AccountRegistrationTest - ******** Clicked on My account link **********
03:41:40.518 [main] INFO  testCases.TC_001_AccountRegistrationTest - ******** Clicked on register link **********
03:41:40.521 [main] INFO  testCases.TC_001_AccountRegistrationTest - ******** Providing customer data **********
03:41:49.502 [main] INFO  testCases.TC_001_AccountRegistrationTest - ******** Clicked on continue **********
03:41:51.557 [main] INFO  testCases.TC_001_AccountRegistrationTest - ******** Validating expected message **********
03:41:51.560 [main] INFO  testCases.TC_001_AccountRegistrationTest - ******** Finished TC_001_AccountRegistrationTest **********
07:18:17.373 [main] INFO  testCases.TC_001_AccountRegistrationTest - ******** Starting TC_001_AccountRegistrationTest **********
07:18:18.572 [main] INFO  testCases.TC_001_AccountRegistrationTest - ******** Clicked on My account link **********
07:18:20.042 [main] INFO  testCases.TC_001_AccountRegistrationTest - ******** Clicked on register link **********
07:18:20.046 [main] INFO  testCases.TC_001_AccountRegistrationTest - ******** Providing customer data **********
07:18:29.048 [main] INFO  testCases.TC_001_AccountRegistrationTest - ******** Clicked on continue **********
07:18:31.108 [main] INFO  testCases.TC_001_AccountRegistrationTest - ******** Validating expected message **********
07:18:31.112 [main] INFO  testCases.TC_001_AccountRegistrationTest - ******** Finished TC_001_AccountRegistrationTest **********
